  DXUT.cpp
  world.cpp
  triggersystem.cpp
  terrain_student.cpp
  terrain.cpp
  statemch.cpp
  msgroute.cpp
  msg.cpp
  movement_student.cpp
  movement.cpp
  gameobject.cpp
  debuglog.cpp
  debugdrawing.cpp
  database.cpp
  body.cpp
  agent.cpp
  Tiny.cpp
  Random.cpp
  PathfindingTests.cpp
  MultiAnimationLib.cpp
  MultiAnimation.cpp
  Generating Code...
  Compiling...
  Map.cpp
  Enemy_student.cpp
  Enemy.cpp
  SDKwavefile.cpp
  SDKsound.cpp
  SDKmisc.cpp
  DXUTsettingsdlg.cpp
  DXUTres.cpp
  DXUTmisc.cpp
  DXUTgui.cpp
  DXUTenum.cpp
  DXUTcamera.cpp
  Clock.cpp
  Blackboard.cpp
  AnimationInstance.cpp
  AllocHierarchy.cpp
  A_Star_Class.cpp
c:\users\oscar.s\desktop\cs380-aifinalproject\finalproject\a_star_class.cpp(101): warning C4101: 'y': unreferenced local variable
c:\users\oscar.s\desktop\cs380-aifinalproject\finalproject\a_star_class.cpp(107): warning C4101: 'y': unreferenced local variable
c:\users\oscar.s\desktop\cs380-aifinalproject\finalproject\a_star_class.cpp(113): warning C4101: 'y': unreferenced local variable
c:\users\oscar.s\desktop\cs380-aifinalproject\finalproject\a_star_class.cpp(608): warning C4305: 'return': truncation from 'double' to 'float'
c:\users\oscar.s\desktop\cs380-aifinalproject\finalproject\a_star_class.cpp(631): warning C4244: '=': conversion from 'int' to 'float', possible loss of data
c:\users\oscar.s\desktop\cs380-aifinalproject\finalproject\a_star_class.cpp(637): warning C4244: '=': conversion from 'int' to 'float', possible loss of data
c:\users\oscar.s\desktop\cs380-aifinalproject\finalproject\a_star_class.cpp(643): warning C4244: '=': conversion from 'double' to 'float', possible loss of data
c:\users\oscar.s\desktop\cs380-aifinalproject\finalproject\a_star_class.cpp(649): warning C4244: '=': conversion from 'double' to 'float', possible loss of data
  CustomStateMachine.cpp
  Controller_INIT_State.cpp
  Controller_Commands_State.cpp
  Generating Code...
c:\users\oscar.s\desktop\cs380-aifinalproject\finalproject\a_star_class.cpp(83): warning C4172: returning address of local variable or temporary: c
  Compiling...
  AI_Squad_Controller.cpp
  Generating Code...
  PathfindingProject.vcxproj -> C:\Users\oscar.s\Desktop\CS380-AIFinalProject\FinalProject\Debug\PathfindingProject.exe
  PathfindingProject.vcxproj -> C:\Users\oscar.s\Desktop\CS380-AIFinalProject\FinalProject\Debug\PathfindingProject.pdb (Full PDB)
