c:\users\oscar.s\desktop\cs380\cs380-project2\pathfinding\debug\pathfindingproject.pch
c:\users\oscar.s\desktop\cs380\cs380-project2\pathfinding\debug\vc140.pdb
c:\users\oscar.s\desktop\cs380\cs380-project2\pathfinding\debug\vc140.idb
c:\users\oscar.s\desktop\cs380\cs380-project2\pathfinding\debug\dxut.obj
c:\users\oscar.s\desktop\cs380\cs380-project2\pathfinding\debug\stdafx.obj
c:\users\oscar.s\desktop\cs380\cs380-project2\pathfinding\debug\dxutenum.obj
c:\users\oscar.s\desktop\cs380\cs380-project2\pathfinding\debug\dxutgui.obj
c:\users\oscar.s\desktop\cs380\cs380-project2\pathfinding\debug\dxutmisc.obj
c:\users\oscar.s\desktop\cs380\cs380-project2\pathfinding\debug\dxutres.obj
c:\users\oscar.s\desktop\cs380\cs380-project2\pathfinding\debug\dxutsettingsdlg.obj
c:\users\oscar.s\desktop\cs380\cs380-project2\pathfinding\debug\sdkmisc.obj
c:\users\oscar.s\desktop\cs380\cs380-project2\pathfinding\debug\sdksound.obj
c:\users\oscar.s\desktop\cs380\cs380-project2\pathfinding\debug\sdkwavefile.obj
c:\users\oscar.s\desktop\cs380\cs380-project2\pathfinding\debug\database.obj
c:\users\oscar.s\desktop\cs380\cs380-project2\pathfinding\debug\debugdrawing.obj
c:\users\oscar.s\desktop\cs380\cs380-project2\pathfinding\debug\map.obj
c:\users\oscar.s\desktop\cs380\cs380-project2\pathfinding\debug\terrain.obj
c:\users\oscar.s\desktop\cs380\cs380-project2\pathfinding\debug\world.obj
c:\users\oscar.s\desktop\cs380\cs380-project2\pathfinding\debug\debuglog.obj
c:\users\oscar.s\desktop\cs380\cs380-project2\pathfinding\debug\msg.obj
c:\users\oscar.s\desktop\cs380\cs380-project2\pathfinding\debug\msgroute.obj
c:\users\oscar.s\desktop\cs380\cs380-project2\pathfinding\debug\statemch.obj
c:\users\oscar.s\desktop\cs380\cs380-project2\pathfinding\debug\triggersystem.obj
c:\users\oscar.s\desktop\cs380\cs380-project2\pathfinding\debug\multianimation.obj
c:\users\oscar.s\desktop\cs380\cs380-project2\pathfinding\debug\multianimationlib.obj
c:\users\oscar.s\desktop\cs380\cs380-project2\pathfinding\debug\a_star_class.obj
c:\users\oscar.s\desktop\cs380\cs380-project2\pathfinding\debug\blackboard.obj
c:\users\oscar.s\desktop\cs380\cs380-project2\pathfinding\debug\body.obj
c:\users\oscar.s\desktop\cs380\cs380-project2\pathfinding\debug\clock.obj
c:\users\oscar.s\desktop\cs380\cs380-project2\pathfinding\debug\enemy.obj
c:\users\oscar.s\desktop\cs380\cs380-project2\pathfinding\debug\enemy_student.obj
c:\users\oscar.s\desktop\cs380\cs380-project2\pathfinding\debug\gameobject.obj
c:\users\oscar.s\desktop\cs380\cs380-project2\pathfinding\debug\movement.obj
c:\users\oscar.s\desktop\cs380\cs380-project2\pathfinding\debug\agent.obj
c:\users\oscar.s\desktop\cs380\cs380-project2\pathfinding\debug\movement_student.obj
c:\users\oscar.s\desktop\cs380\cs380-project2\pathfinding\debug\pathfindingtests.obj
c:\users\oscar.s\desktop\cs380\cs380-project2\pathfinding\debug\random.obj
c:\users\oscar.s\desktop\cs380\cs380-project2\pathfinding\debug\allochierarchy.obj
c:\users\oscar.s\desktop\cs380\cs380-project2\pathfinding\debug\animationinstance.obj
c:\users\oscar.s\desktop\cs380\cs380-project2\pathfinding\debug\terrain_student.obj
c:\users\oscar.s\desktop\cs380\cs380-project2\pathfinding\debug\tiny.obj
c:\users\oscar.s\desktop\cs380\cs380-project2\pathfinding\debug\dxutcamera.obj
c:\users\oscar.s\desktop\cs380\cs380-project2\pathfinding\debug\pathfindingproject.ilk
c:\users\oscar.s\desktop\cs380\cs380-project2\pathfinding\debug\pathfindingproject.exe
c:\users\oscar.s\desktop\cs380\cs380-project2\pathfinding\debug\pathfindingproject.pdb
c:\users\oscar.s\desktop\cs380\cs380-project2\pathfinding\debug\multianimation.res
c:\users\oscar.s\desktop\cs380\cs380-project2\pathfinding\debug\pathfind.aeebc1c1.tlog\cl.command.1.tlog
c:\users\oscar.s\desktop\cs380\cs380-project2\pathfinding\debug\pathfind.aeebc1c1.tlog\cl.read.1.tlog
c:\users\oscar.s\desktop\cs380\cs380-project2\pathfinding\debug\pathfind.aeebc1c1.tlog\cl.write.1.tlog
c:\users\oscar.s\desktop\cs380\cs380-project2\pathfinding\debug\pathfind.aeebc1c1.tlog\link.command.1.tlog
c:\users\oscar.s\desktop\cs380\cs380-project2\pathfinding\debug\pathfind.aeebc1c1.tlog\link.read.1.tlog
c:\users\oscar.s\desktop\cs380\cs380-project2\pathfinding\debug\pathfind.aeebc1c1.tlog\link.write.1.tlog
c:\users\oscar.s\desktop\cs380\cs380-project2\pathfinding\debug\pathfind.aeebc1c1.tlog\rc.command.1.tlog
c:\users\oscar.s\desktop\cs380\cs380-project2\pathfinding\debug\pathfind.aeebc1c1.tlog\rc.read.1.tlog
c:\users\oscar.s\desktop\cs380\cs380-project2\pathfinding\debug\pathfind.aeebc1c1.tlog\rc.write.1.tlog
